2024-03-01T19:08:46.029Z - GET /
2024-03-02T16:12:15.679Z - POST /company
2024-03-02T16:12:46.723Z - POST /company
2024-03-02T16:12:54.039Z - POST /company
2024-03-02T16:13:01.022Z - GET /company
2024-03-02T16:13:19.869Z - GET /company/AAPL
2024-03-02T16:14:18.707Z - PUT /company/65e34fe0778b5bd846b5f914
2024-03-02T16:14:34.866Z - DELETE /company/65e34fe0778b5bd846b5f914
2024-03-02T16:14:42.850Z - GET /company
2024-03-02T16:15:12.414Z - POST /company
2024-03-02T16:15:21.330Z - GET /company
2024-03-02T16:15:29.367Z - POST /company
2024-03-02T16:18:05.258Z - GET /company
2024-03-02T16:19:03.431Z - POST /order
2024-03-02T16:19:13.390Z - POST /order
2024-03-02T16:19:22.624Z - POST /order
2024-03-02T16:19:24.902Z - POST /order
2024-03-02T16:19:46.166Z - GET /order
2024-03-02T16:21:35.057Z - GET /order/company/AAPL
2024-03-02T16:22:05.912Z - DELETE /order/65e3518c778b5bd846b5f92f
2024-03-02T16:25:38.111Z - GET /stats/company/AAPL/day-stats
2024-03-02T16:26:11.176Z - GET /stats/company/AAPL/month-stats
2024-03-02T16:30:31.472Z - GET /stats/company/AAPL/day-stats
2024-03-02T16:30:32.474Z - GET /favicon.ico
2024-03-02T16:30:42.257Z - GET /stats/company/AAPL/month-stats
2024-03-02T16:30:52.785Z - GET /stats/company/AMZN/month-stats
2024-03-02T16:31:30.719Z - POST /order
2024-03-02T16:31:43.717Z - GET /stats/company/AAPL/month-stats
2024-03-02T16:31:57.487Z - GET /order
2024-03-02T16:32:33.741Z - GET /stats/company/AAPL/day-stats
2024-03-02T16:32:55.005Z - GET /stats/company/AMZN/day-stats
2024-03-02T16:34:19.536Z - POST /order
2024-03-02T16:34:33.206Z - GET /order
2024-03-02T16:34:57.708Z - GET /company
2024-03-02T16:36:20.930Z - GET /stats/company/AAPL/month-stats
2024-03-02T16:36:51.956Z - GET /stats/company/AAPL/day-stats
2024-03-02T16:37:05.673Z - GET /stats/company/AAPL/month-stats
2024-03-02T16:43:44.652Z - GET /stats/company/AAPL/month-stats
2024-03-02T16:44:06.715Z - GET /order
2024-03-02T16:45:12.436Z - GET /stats/company/AAPL/day-stats
2024-03-02T16:49:31.690Z - GET /stats/company/AAPL/day-stats
2024-03-02T16:51:51.891Z - GET /stats/company/AAPL/day-stats
2024-03-02T16:53:03.360Z - POST /order
2024-03-02T16:53:20.860Z - POST /order
2024-03-02T16:53:28.410Z - GET /order
2024-03-02T16:54:38.521Z - GET /stats/company/AAPL/day-stats
2024-03-02T17:16:03.781Z - GET /stats/company/AAPL/day-stats
2024-03-02T17:16:48.222Z - GET /stats/company/AAPL/day-stats
2024-03-02T17:19:17.620Z - GET /stats/company/AAPL/day-stats
2024-03-02T17:26:33.081Z - GET /stats/company/AAPL/day-stats
2024-03-02T17:30:31.331Z - GET /stats/company/AAPL/day-stats
2024-03-02T17:38:16.999Z - GET /stats/company/AAPL/day-stats
2024-03-02T17:38:34.578Z - GET /stats/company/AAPL/month-stats
